mode: set
github.com/davi-fernandesx/sistema-de-gestao-de-epi/repository/entradaEpi/entradaEpiREpository.go:27.50,32.2 1 1
github.com/davi-fernandesx/sistema-de-gestao-de-epi/repository/entradaEpi/entradaEpiREpository.go:50.111,53.16 2 1
github.com/davi-fernandesx/sistema-de-gestao-de-epi/repository/entradaEpi/entradaEpiREpository.go:53.16,55.3 1 1
github.com/davi-fernandesx/sistema-de-gestao-de-epi/repository/entradaEpi/entradaEpiREpository.go:57.2,61.20 3 1
github.com/davi-fernandesx/sistema-de-gestao-de-epi/repository/entradaEpi/entradaEpiREpository.go:61.20,85.17 3 1
github.com/davi-fernandesx/sistema-de-gestao-de-epi/repository/entradaEpi/entradaEpiREpository.go:85.17,87.4 1 0
github.com/davi-fernandesx/sistema-de-gestao-de-epi/repository/entradaEpi/entradaEpiREpository.go:89.3,89.39 1 1
github.com/davi-fernandesx/sistema-de-gestao-de-epi/repository/entradaEpi/entradaEpiREpository.go:92.2,92.37 1 1
github.com/davi-fernandesx/sistema-de-gestao-de-epi/repository/entradaEpi/entradaEpiREpository.go:92.37,95.3 1 0
github.com/davi-fernandesx/sistema-de-gestao-de-epi/repository/entradaEpi/entradaEpiREpository.go:97.2,97.22 1 1
github.com/davi-fernandesx/sistema-de-gestao-de-epi/repository/entradaEpi/entradaEpiREpository.go:101.101,120.16 3 1
github.com/davi-fernandesx/sistema-de-gestao-de-epi/repository/entradaEpi/entradaEpiREpository.go:120.16,122.3 1 1
github.com/davi-fernandesx/sistema-de-gestao-de-epi/repository/entradaEpi/entradaEpiREpository.go:124.2,124.12 1 1
github.com/davi-fernandesx/sistema-de-gestao-de-epi/repository/entradaEpi/entradaEpiREpository.go:127.103,131.16 3 0
github.com/davi-fernandesx/sistema-de-gestao-de-epi/repository/entradaEpi/entradaEpiREpository.go:131.16,134.3 1 0
github.com/davi-fernandesx/sistema-de-gestao-de-epi/repository/entradaEpi/entradaEpiREpository.go:136.2,136.23 1 0
github.com/davi-fernandesx/sistema-de-gestao-de-epi/repository/entradaEpi/entradaEpiREpository.go:136.23,139.3 1 0
github.com/davi-fernandesx/sistema-de-gestao-de-epi/repository/entradaEpi/entradaEpiREpository.go:141.2,141.22 1 0
github.com/davi-fernandesx/sistema-de-gestao-de-epi/repository/entradaEpi/entradaEpiREpository.go:146.92,151.16 3 1
github.com/davi-fernandesx/sistema-de-gestao-de-epi/repository/entradaEpi/entradaEpiREpository.go:151.16,154.3 1 1
github.com/davi-fernandesx/sistema-de-gestao-de-epi/repository/entradaEpi/entradaEpiREpository.go:156.2,156.23 1 1
github.com/davi-fernandesx/sistema-de-gestao-de-epi/repository/entradaEpi/entradaEpiREpository.go:156.23,159.3 1 0
github.com/davi-fernandesx/sistema-de-gestao-de-epi/repository/entradaEpi/entradaEpiREpository.go:161.2,161.25 1 1
github.com/davi-fernandesx/sistema-de-gestao-de-epi/repository/entradaEpi/entradaEpiREpository.go:166.92,172.16 3 1
github.com/davi-fernandesx/sistema-de-gestao-de-epi/repository/entradaEpi/entradaEpiREpository.go:172.16,175.3 1 1
github.com/davi-fernandesx/sistema-de-gestao-de-epi/repository/entradaEpi/entradaEpiREpository.go:177.2,177.23 1 1
github.com/davi-fernandesx/sistema-de-gestao-de-epi/repository/entradaEpi/entradaEpiREpository.go:177.23,180.3 1 0
github.com/davi-fernandesx/sistema-de-gestao-de-epi/repository/entradaEpi/entradaEpiREpository.go:182.2,182.22 1 1
github.com/davi-fernandesx/sistema-de-gestao-de-epi/repository/entradaEpi/entradaEpiREpository.go:185.100,190.16 3 0
github.com/davi-fernandesx/sistema-de-gestao-de-epi/repository/entradaEpi/entradaEpiREpository.go:190.16,193.3 1 0
github.com/davi-fernandesx/sistema-de-gestao-de-epi/repository/entradaEpi/entradaEpiREpository.go:195.2,195.23 1 0
github.com/davi-fernandesx/sistema-de-gestao-de-epi/repository/entradaEpi/entradaEpiREpository.go:195.23,198.3 1 0
github.com/davi-fernandesx/sistema-de-gestao-de-epi/repository/entradaEpi/entradaEpiREpository.go:200.2,200.22 1 0
github.com/davi-fernandesx/sistema-de-gestao-de-epi/repository/entradaEpi/entradaEpiREpository.go:204.101,209.16 3 0
github.com/davi-fernandesx/sistema-de-gestao-de-epi/repository/entradaEpi/entradaEpiREpository.go:209.16,212.3 1 0
github.com/davi-fernandesx/sistema-de-gestao-de-epi/repository/entradaEpi/entradaEpiREpository.go:214.2,214.23 1 0
github.com/davi-fernandesx/sistema-de-gestao-de-epi/repository/entradaEpi/entradaEpiREpository.go:214.23,217.3 1 0
github.com/davi-fernandesx/sistema-de-gestao-de-epi/repository/entradaEpi/entradaEpiREpository.go:219.2,219.25 1 0
github.com/davi-fernandesx/sistema-de-gestao-de-epi/repository/entradaEpi/entradaEpiREpository.go:223.114,228.16 3 0
github.com/davi-fernandesx/sistema-de-gestao-de-epi/repository/entradaEpi/entradaEpiREpository.go:228.16,231.3 1 0
github.com/davi-fernandesx/sistema-de-gestao-de-epi/repository/entradaEpi/entradaEpiREpository.go:233.2,233.23 1 0
github.com/davi-fernandesx/sistema-de-gestao-de-epi/repository/entradaEpi/entradaEpiREpository.go:233.23,236.3 1 0
github.com/davi-fernandesx/sistema-de-gestao-de-epi/repository/entradaEpi/entradaEpiREpository.go:238.2,238.22 1 0
github.com/davi-fernandesx/sistema-de-gestao-de-epi/repository/entradaEpi/entradaEpiREpository.go:242.74,251.16 3 1
github.com/davi-fernandesx/sistema-de-gestao-de-epi/repository/entradaEpi/entradaEpiREpository.go:251.16,253.3 1 1
github.com/davi-fernandesx/sistema-de-gestao-de-epi/repository/entradaEpi/entradaEpiREpository.go:255.2,256.16 2 1
github.com/davi-fernandesx/sistema-de-gestao-de-epi/repository/entradaEpi/entradaEpiREpository.go:256.16,260.3 1 1
github.com/davi-fernandesx/sistema-de-gestao-de-epi/repository/entradaEpi/entradaEpiREpository.go:262.2,262.17 1 1
github.com/davi-fernandesx/sistema-de-gestao-de-epi/repository/entradaEpi/entradaEpiREpository.go:262.17,265.3 1 1
github.com/davi-fernandesx/sistema-de-gestao-de-epi/repository/entradaEpi/entradaEpiREpository.go:267.2,267.12 1 1
github.com/davi-fernandesx/sistema-de-gestao-de-epi/repository/departamento/departamentoRepository.go:27.66,32.2 1 1
github.com/davi-fernandesx/sistema-de-gestao-de-epi/repository/departamento/departamentoRepository.go:35.100,40.16 3 1
github.com/davi-fernandesx/sistema-de-gestao-de-epi/repository/departamento/departamentoRepository.go:40.16,42.55 2 1
github.com/davi-fernandesx/sistema-de-gestao-de-epi/repository/departamento/departamentoRepository.go:42.55,45.4 1 1
github.com/davi-fernandesx/sistema-de-gestao-de-epi/repository/departamento/departamentoRepository.go:46.3,46.84 1 1
github.com/davi-fernandesx/sistema-de-gestao-de-epi/repository/departamento/departamentoRepository.go:49.2,49.12 1 1
github.com/davi-fernandesx/sistema-de-gestao-de-epi/repository/departamento/departamentoRepository.go:53.100,64.16 4 1
github.com/davi-fernandesx/sistema-de-gestao-de-epi/repository/departamento/departamentoRepository.go:64.16,65.27 1 1
github.com/davi-fernandesx/sistema-de-gestao-de-epi/repository/departamento/departamentoRepository.go:65.27,67.4 1 1
github.com/davi-fernandesx/sistema-de-gestao-de-epi/repository/departamento/departamentoRepository.go:69.3,69.64 1 1
github.com/davi-fernandesx/sistema-de-gestao-de-epi/repository/departamento/departamentoRepository.go:72.2,72.27 1 1
github.com/davi-fernandesx/sistema-de-gestao-de-epi/repository/departamento/departamentoRepository.go:76.99,81.16 3 1
github.com/davi-fernandesx/sistema-de-gestao-de-epi/repository/departamento/departamentoRepository.go:81.16,83.3 1 1
github.com/davi-fernandesx/sistema-de-gestao-de-epi/repository/departamento/departamentoRepository.go:85.2,89.20 3 1
github.com/davi-fernandesx/sistema-de-gestao-de-epi/repository/departamento/departamentoRepository.go:89.20,92.83 2 1
github.com/davi-fernandesx/sistema-de-gestao-de-epi/repository/departamento/departamentoRepository.go:92.83,94.4 1 0
github.com/davi-fernandesx/sistema-de-gestao-de-epi/repository/departamento/departamentoRepository.go:96.3,96.54 1 1
github.com/davi-fernandesx/sistema-de-gestao-de-epi/repository/departamento/departamentoRepository.go:99.2,99.37 1 1
github.com/davi-fernandesx/sistema-de-gestao-de-epi/repository/departamento/departamentoRepository.go:99.37,102.3 1 1
github.com/davi-fernandesx/sistema-de-gestao-de-epi/repository/departamento/departamentoRepository.go:104.2,104.27 1 1
github.com/davi-fernandesx/sistema-de-gestao-de-epi/repository/departamento/departamentoRepository.go:109.78,117.16 3 1
github.com/davi-fernandesx/sistema-de-gestao-de-epi/repository/departamento/departamentoRepository.go:117.16,119.3 1 0
github.com/davi-fernandesx/sistema-de-gestao-de-epi/repository/departamento/departamentoRepository.go:121.2,122.16 2 1
github.com/davi-fernandesx/sistema-de-gestao-de-epi/repository/departamento/departamentoRepository.go:122.16,125.3 1 1
github.com/davi-fernandesx/sistema-de-gestao-de-epi/repository/departamento/departamentoRepository.go:127.2,127.17 1 1
github.com/davi-fernandesx/sistema-de-gestao-de-epi/repository/departamento/departamentoRepository.go:127.17,129.3 1 1
github.com/davi-fernandesx/sistema-de-gestao-de-epi/repository/departamento/departamentoRepository.go:131.2,131.12 1 1
github.com/davi-fernandesx/sistema-de-gestao-de-epi/repository/departamento/departamentoRepository.go:134.104,141.17 3 0
github.com/davi-fernandesx/sistema-de-gestao-de-epi/repository/departamento/departamentoRepository.go:141.17,144.4 1 0
github.com/davi-fernandesx/sistema-de-gestao-de-epi/repository/departamento/departamentoRepository.go:146.2,146.29 1 0
github.com/davi-fernandesx/sistema-de-gestao-de-epi/auth/auth.go:10.49,13.16 2 1
github.com/davi-fernandesx/sistema-de-gestao-de-epi/auth/auth.go:13.16,15.3 1 0
github.com/davi-fernandesx/sistema-de-gestao-de-epi/auth/auth.go:17.2,17.23 1 1
github.com/davi-fernandesx/sistema-de-gestao-de-epi/auth/auth.go:22.57,25.16 2 0
github.com/davi-fernandesx/sistema-de-gestao-de-epi/auth/auth.go:25.16,27.3 1 0
github.com/davi-fernandesx/sistema-de-gestao-de-epi/auth/auth.go:29.2,29.19 1 0
github.com/davi-fernandesx/sistema-de-gestao-de-epi/repository/entregaEpi/entregaRepository.go:32.109,39.2 1 1
github.com/davi-fernandesx/sistema-de-gestao-de-epi/repository/entregaEpi/entregaRepository.go:83.113,85.16 2 1
github.com/davi-fernandesx/sistema-de-gestao-de-epi/repository/entregaEpi/entregaRepository.go:85.16,88.3 1 1
github.com/davi-fernandesx/sistema-de-gestao-de-epi/repository/entregaEpi/entregaRepository.go:89.2,93.20 3 1
github.com/davi-fernandesx/sistema-de-gestao-de-epi/repository/entregaEpi/entregaRepository.go:93.20,128.17 12 1
github.com/davi-fernandesx/sistema-de-gestao-de-epi/repository/entregaEpi/entregaRepository.go:128.17,131.4 1 0
github.com/davi-fernandesx/sistema-de-gestao-de-epi/repository/entregaEpi/entregaRepository.go:133.3,133.42 1 1
github.com/davi-fernandesx/sistema-de-gestao-de-epi/repository/entregaEpi/entregaRepository.go:133.42,154.4 1 1
github.com/davi-fernandesx/sistema-de-gestao-de-epi/repository/entregaEpi/entregaRepository.go:156.3,156.74 1 1
github.com/davi-fernandesx/sistema-de-gestao-de-epi/repository/entregaEpi/entregaRepository.go:159.2,159.37 1 1
github.com/davi-fernandesx/sistema-de-gestao-de-epi/repository/entregaEpi/entregaRepository.go:159.37,162.3 1 0
github.com/davi-fernandesx/sistema-de-gestao-de-epi/repository/entregaEpi/entregaRepository.go:164.2,166.37 2 1
github.com/davi-fernandesx/sistema-de-gestao-de-epi/repository/entregaEpi/entregaRepository.go:166.37,168.3 1 1
github.com/davi-fernandesx/sistema-de-gestao-de-epi/repository/entregaEpi/entregaRepository.go:172.2,172.26 1 1
github.com/davi-fernandesx/sistema-de-gestao-de-epi/repository/entregaEpi/entregaRepository.go:177.93,180.16 2 1
github.com/davi-fernandesx/sistema-de-gestao-de-epi/repository/entregaEpi/entregaRepository.go:180.16,182.3 1 0
github.com/davi-fernandesx/sistema-de-gestao-de-epi/repository/entregaEpi/entregaRepository.go:183.2,197.19 5 1
github.com/davi-fernandesx/sistema-de-gestao-de-epi/repository/entregaEpi/entregaRepository.go:197.19,200.3 1 1
github.com/davi-fernandesx/sistema-de-gestao-de-epi/repository/entregaEpi/entregaRepository.go:202.2,202.35 1 1
github.com/davi-fernandesx/sistema-de-gestao-de-epi/repository/entregaEpi/entregaRepository.go:202.35,205.17 2 1
github.com/davi-fernandesx/sistema-de-gestao-de-epi/repository/entregaEpi/entregaRepository.go:205.17,207.4 1 1
github.com/davi-fernandesx/sistema-de-gestao-de-epi/repository/entregaEpi/entregaRepository.go:211.2,211.36 1 1
github.com/davi-fernandesx/sistema-de-gestao-de-epi/repository/entregaEpi/entregaRepository.go:211.36,213.3 1 0
github.com/davi-fernandesx/sistema-de-gestao-de-epi/repository/entregaEpi/entregaRepository.go:215.2,215.12 1 1
github.com/davi-fernandesx/sistema-de-gestao-de-epi/repository/entregaEpi/entregaRepository.go:219.92,224.16 3 1
github.com/davi-fernandesx/sistema-de-gestao-de-epi/repository/entregaEpi/entregaRepository.go:224.16,226.3 1 1
github.com/davi-fernandesx/sistema-de-gestao-de-epi/repository/entregaEpi/entregaRepository.go:228.2,228.23 1 1
github.com/davi-fernandesx/sistema-de-gestao-de-epi/repository/entregaEpi/entregaRepository.go:228.23,231.3 1 1
github.com/davi-fernandesx/sistema-de-gestao-de-epi/repository/entregaEpi/entregaRepository.go:233.2,233.25 1 1
github.com/davi-fernandesx/sistema-de-gestao-de-epi/repository/entregaEpi/entregaRepository.go:237.120,242.16 3 0
github.com/davi-fernandesx/sistema-de-gestao-de-epi/repository/entregaEpi/entregaRepository.go:242.16,244.3 1 0
github.com/davi-fernandesx/sistema-de-gestao-de-epi/repository/entregaEpi/entregaRepository.go:246.2,246.23 1 0
github.com/davi-fernandesx/sistema-de-gestao-de-epi/repository/entregaEpi/entregaRepository.go:246.23,249.3 1 0
github.com/davi-fernandesx/sistema-de-gestao-de-epi/repository/entregaEpi/entregaRepository.go:251.2,251.22 1 0
github.com/davi-fernandesx/sistema-de-gestao-de-epi/repository/entregaEpi/entregaRepository.go:255.130,260.16 3 0
github.com/davi-fernandesx/sistema-de-gestao-de-epi/repository/entregaEpi/entregaRepository.go:260.16,262.3 1 0
github.com/davi-fernandesx/sistema-de-gestao-de-epi/repository/entregaEpi/entregaRepository.go:264.2,264.23 1 0
github.com/davi-fernandesx/sistema-de-gestao-de-epi/repository/entregaEpi/entregaRepository.go:264.23,267.3 1 0
github.com/davi-fernandesx/sistema-de-gestao-de-epi/repository/entregaEpi/entregaRepository.go:269.2,269.22 1 0
github.com/davi-fernandesx/sistema-de-gestao-de-epi/repository/entregaEpi/entregaRepository.go:273.92,278.2 1 0
github.com/davi-fernandesx/sistema-de-gestao-de-epi/repository/entregaEpi/entregaRepository.go:280.101,285.16 3 0
github.com/davi-fernandesx/sistema-de-gestao-de-epi/repository/entregaEpi/entregaRepository.go:285.16,287.3 1 0
github.com/davi-fernandesx/sistema-de-gestao-de-epi/repository/entregaEpi/entregaRepository.go:289.2,289.23 1 0
github.com/davi-fernandesx/sistema-de-gestao-de-epi/repository/entregaEpi/entregaRepository.go:289.23,292.3 1 0
github.com/davi-fernandesx/sistema-de-gestao-de-epi/repository/entregaEpi/entregaRepository.go:294.2,294.22 1 0
github.com/davi-fernandesx/sistema-de-gestao-de-epi/repository/entregaEpi/entregaRepository.go:297.100,302.16 3 0
github.com/davi-fernandesx/sistema-de-gestao-de-epi/repository/entregaEpi/entregaRepository.go:302.16,304.3 1 0
github.com/davi-fernandesx/sistema-de-gestao-de-epi/repository/entregaEpi/entregaRepository.go:306.2,306.23 1 0
github.com/davi-fernandesx/sistema-de-gestao-de-epi/repository/entregaEpi/entregaRepository.go:306.23,309.3 1 0
github.com/davi-fernandesx/sistema-de-gestao-de-epi/repository/entregaEpi/entregaRepository.go:311.2,311.25 1 0
github.com/davi-fernandesx/sistema-de-gestao-de-epi/repository/entregaEpi/entregaRepository.go:316.74,323.16 3 1
github.com/davi-fernandesx/sistema-de-gestao-de-epi/repository/entregaEpi/entregaRepository.go:323.16,326.3 1 0
github.com/davi-fernandesx/sistema-de-gestao-de-epi/repository/entregaEpi/entregaRepository.go:328.2,329.16 2 1
github.com/davi-fernandesx/sistema-de-gestao-de-epi/repository/entregaEpi/entregaRepository.go:329.16,333.3 1 0
github.com/davi-fernandesx/sistema-de-gestao-de-epi/repository/entregaEpi/entregaRepository.go:335.2,335.16 1 1
github.com/davi-fernandesx/sistema-de-gestao-de-epi/repository/entregaEpi/entregaRepository.go:335.16,338.3 1 1
github.com/davi-fernandesx/sistema-de-gestao-de-epi/repository/entregaEpi/entregaRepository.go:340.2,340.12 1 1
github.com/davi-fernandesx/sistema-de-gestao-de-epi/repository/funcao/funcaoRepository.go:26.54,31.2 1 1
github.com/davi-fernandesx/sistema-de-gestao-de-epi/repository/funcao/funcaoRepository.go:34.92,38.16 3 1
github.com/davi-fernandesx/sistema-de-gestao-de-epi/repository/funcao/funcaoRepository.go:38.16,40.55 2 1
github.com/davi-fernandesx/sistema-de-gestao-de-epi/repository/funcao/funcaoRepository.go:40.55,42.4 1 1
github.com/davi-fernandesx/sistema-de-gestao-de-epi/repository/funcao/funcaoRepository.go:44.3,44.78 1 1
github.com/davi-fernandesx/sistema-de-gestao-de-epi/repository/funcao/funcaoRepository.go:47.2,47.12 1 1
github.com/davi-fernandesx/sistema-de-gestao-de-epi/repository/funcao/funcaoRepository.go:51.91,62.16 4 1
github.com/davi-fernandesx/sistema-de-gestao-de-epi/repository/funcao/funcaoRepository.go:62.16,63.27 1 1
github.com/davi-fernandesx/sistema-de-gestao-de-epi/repository/funcao/funcaoRepository.go:63.27,65.4 1 1
github.com/davi-fernandesx/sistema-de-gestao-de-epi/repository/funcao/funcaoRepository.go:67.3,67.62 1 1
github.com/davi-fernandesx/sistema-de-gestao-de-epi/repository/funcao/funcaoRepository.go:70.2,70.21 1 1
github.com/davi-fernandesx/sistema-de-gestao-de-epi/repository/funcao/funcaoRepository.go:74.89,82.16 3 1
github.com/davi-fernandesx/sistema-de-gestao-de-epi/repository/funcao/funcaoRepository.go:82.16,84.3 1 1
github.com/davi-fernandesx/sistema-de-gestao-de-epi/repository/funcao/funcaoRepository.go:86.2,89.20 3 1
github.com/davi-fernandesx/sistema-de-gestao-de-epi/repository/funcao/funcaoRepository.go:89.20,93.115 2 1
github.com/davi-fernandesx/sistema-de-gestao-de-epi/repository/funcao/funcaoRepository.go:93.115,96.4 1 1
github.com/davi-fernandesx/sistema-de-gestao-de-epi/repository/funcao/funcaoRepository.go:98.3,98.36 1 1
github.com/davi-fernandesx/sistema-de-gestao-de-epi/repository/funcao/funcaoRepository.go:101.2,102.16 2 1
github.com/davi-fernandesx/sistema-de-gestao-de-epi/repository/funcao/funcaoRepository.go:102.16,104.3 1 1
github.com/davi-fernandesx/sistema-de-gestao-de-epi/repository/funcao/funcaoRepository.go:106.2,106.21 1 1
github.com/davi-fernandesx/sistema-de-gestao-de-epi/repository/funcao/funcaoRepository.go:111.75,120.16 3 1
github.com/davi-fernandesx/sistema-de-gestao-de-epi/repository/funcao/funcaoRepository.go:120.16,122.3 1 1
github.com/davi-fernandesx/sistema-de-gestao-de-epi/repository/funcao/funcaoRepository.go:124.2,125.16 2 1
github.com/davi-fernandesx/sistema-de-gestao-de-epi/repository/funcao/funcaoRepository.go:125.16,129.3 1 1
github.com/davi-fernandesx/sistema-de-gestao-de-epi/repository/funcao/funcaoRepository.go:131.2,131.17 1 1
github.com/davi-fernandesx/sistema-de-gestao-de-epi/repository/funcao/funcaoRepository.go:131.17,134.3 1 1
github.com/davi-fernandesx/sistema-de-gestao-de-epi/repository/funcao/funcaoRepository.go:136.2,136.12 1 1
github.com/davi-fernandesx/sistema-de-gestao-de-epi/repository/funcao/funcaoRepository.go:140.98,148.16 3 0
github.com/davi-fernandesx/sistema-de-gestao-de-epi/repository/funcao/funcaoRepository.go:148.16,150.3 1 0
github.com/davi-fernandesx/sistema-de-gestao-de-epi/repository/funcao/funcaoRepository.go:152.2,152.30 1 0
github.com/davi-fernandesx/sistema-de-gestao-de-epi/repository/epi/EpiRepository.go:28.48,33.2 1 1
github.com/davi-fernandesx/sistema-de-gestao-de-epi/repository/epi/EpiRepository.go:36.80,39.16 2 1
github.com/davi-fernandesx/sistema-de-gestao-de-epi/repository/epi/EpiRepository.go:39.16,41.6 1 0
github.com/davi-fernandesx/sistema-de-gestao-de-epi/repository/epi/EpiRepository.go:42.2,60.16 5 1
github.com/davi-fernandesx/sistema-de-gestao-de-epi/repository/epi/EpiRepository.go:60.16,62.3 1 0
github.com/davi-fernandesx/sistema-de-gestao-de-epi/repository/epi/EpiRepository.go:64.2,66.15 2 1
github.com/davi-fernandesx/sistema-de-gestao-de-epi/repository/epi/EpiRepository.go:66.15,68.3 1 0
github.com/davi-fernandesx/sistema-de-gestao-de-epi/repository/epi/EpiRepository.go:69.2,71.41 2 1
github.com/davi-fernandesx/sistema-de-gestao-de-epi/repository/epi/EpiRepository.go:71.41,74.17 2 1
github.com/davi-fernandesx/sistema-de-gestao-de-epi/repository/epi/EpiRepository.go:74.17,77.4 1 0
github.com/davi-fernandesx/sistema-de-gestao-de-epi/repository/epi/EpiRepository.go:80.2,81.16 2 1
github.com/davi-fernandesx/sistema-de-gestao-de-epi/repository/epi/EpiRepository.go:81.16,83.3 1 1
github.com/davi-fernandesx/sistema-de-gestao-de-epi/repository/epi/EpiRepository.go:86.2,86.12 1 1
github.com/davi-fernandesx/sistema-de-gestao-de-epi/repository/epi/EpiRepository.go:90.82,116.16 4 1
github.com/davi-fernandesx/sistema-de-gestao-de-epi/repository/epi/EpiRepository.go:116.16,118.27 1 1
github.com/davi-fernandesx/sistema-de-gestao-de-epi/repository/epi/EpiRepository.go:118.27,120.4 1 1
github.com/davi-fernandesx/sistema-de-gestao-de-epi/repository/epi/EpiRepository.go:122.3,122.63 1 0
github.com/davi-fernandesx/sistema-de-gestao-de-epi/repository/epi/EpiRepository.go:125.2,137.16 3 1
github.com/davi-fernandesx/sistema-de-gestao-de-epi/repository/epi/EpiRepository.go:137.16,140.3 1 1
github.com/davi-fernandesx/sistema-de-gestao-de-epi/repository/epi/EpiRepository.go:141.2,145.19 3 1
github.com/davi-fernandesx/sistema-de-gestao-de-epi/repository/epi/EpiRepository.go:145.19,150.17 3 1
github.com/davi-fernandesx/sistema-de-gestao-de-epi/repository/epi/EpiRepository.go:150.17,153.4 1 0
github.com/davi-fernandesx/sistema-de-gestao-de-epi/repository/epi/EpiRepository.go:155.3,155.39 1 1
github.com/davi-fernandesx/sistema-de-gestao-de-epi/repository/epi/EpiRepository.go:158.2,161.18 2 1
github.com/davi-fernandesx/sistema-de-gestao-de-epi/repository/epi/EpiRepository.go:165.80,177.16 3 0
github.com/davi-fernandesx/sistema-de-gestao-de-epi/repository/epi/EpiRepository.go:177.16,179.3 1 0
github.com/davi-fernandesx/sistema-de-gestao-de-epi/repository/epi/EpiRepository.go:180.2,184.20 3 0
github.com/davi-fernandesx/sistema-de-gestao-de-epi/repository/epi/EpiRepository.go:184.20,198.16 3 0
github.com/davi-fernandesx/sistema-de-gestao-de-epi/repository/epi/EpiRepository.go:198.16,200.4 1 0
github.com/davi-fernandesx/sistema-de-gestao-de-epi/repository/epi/EpiRepository.go:202.3,202.25 1 0
github.com/davi-fernandesx/sistema-de-gestao-de-epi/repository/epi/EpiRepository.go:205.3,205.24 1 0
github.com/davi-fernandesx/sistema-de-gestao-de-epi/repository/epi/EpiRepository.go:205.24,208.4 1 0
github.com/davi-fernandesx/sistema-de-gestao-de-epi/repository/epi/EpiRepository.go:212.3,223.16 3 0
github.com/davi-fernandesx/sistema-de-gestao-de-epi/repository/epi/EpiRepository.go:223.16,225.4 1 0
github.com/davi-fernandesx/sistema-de-gestao-de-epi/repository/epi/EpiRepository.go:226.3,228.28 2 0
github.com/davi-fernandesx/sistema-de-gestao-de-epi/repository/epi/EpiRepository.go:228.28,234.17 4 0
github.com/davi-fernandesx/sistema-de-gestao-de-epi/repository/epi/EpiRepository.go:234.17,237.4 1 0
github.com/davi-fernandesx/sistema-de-gestao-de-epi/repository/epi/EpiRepository.go:239.3,239.40 1 0
github.com/davi-fernandesx/sistema-de-gestao-de-epi/repository/epi/EpiRepository.go:239.40,241.4 1 0
github.com/davi-fernandesx/sistema-de-gestao-de-epi/repository/epi/EpiRepository.go:244.3,245.30 2 0
github.com/davi-fernandesx/sistema-de-gestao-de-epi/repository/epi/EpiRepository.go:245.30,247.4 1 0
github.com/davi-fernandesx/sistema-de-gestao-de-epi/repository/epi/EpiRepository.go:251.2,251.18 1 0
github.com/davi-fernandesx/sistema-de-gestao-de-epi/repository/epi/EpiRepository.go:256.69,260.15 2 1
github.com/davi-fernandesx/sistema-de-gestao-de-epi/repository/epi/EpiRepository.go:260.15,263.3 1 0
github.com/davi-fernandesx/sistema-de-gestao-de-epi/repository/epi/EpiRepository.go:264.2,271.16 4 1
github.com/davi-fernandesx/sistema-de-gestao-de-epi/repository/epi/EpiRepository.go:271.16,273.3 1 0
github.com/davi-fernandesx/sistema-de-gestao-de-epi/repository/epi/EpiRepository.go:275.2,281.16 3 1
github.com/davi-fernandesx/sistema-de-gestao-de-epi/repository/epi/EpiRepository.go:281.16,283.3 1 0
github.com/davi-fernandesx/sistema-de-gestao-de-epi/repository/epi/EpiRepository.go:285.2,286.15 2 1
github.com/davi-fernandesx/sistema-de-gestao-de-epi/repository/epi/EpiRepository.go:286.15,290.3 1 0
github.com/davi-fernandesx/sistema-de-gestao-de-epi/repository/epi/EpiRepository.go:292.2,292.17 1 1
github.com/davi-fernandesx/sistema-de-gestao-de-epi/repository/epi/EpiRepository.go:292.17,295.3 1 1
github.com/davi-fernandesx/sistema-de-gestao-de-epi/repository/epi/EpiRepository.go:297.2,297.21 1 1
github.com/davi-fernandesx/sistema-de-gestao-de-epi/repository/epi/EpiRepository.go:300.84,307.16 3 0
github.com/davi-fernandesx/sistema-de-gestao-de-epi/repository/epi/EpiRepository.go:307.16,310.3 1 0
github.com/davi-fernandesx/sistema-de-gestao-de-epi/repository/epi/EpiRepository.go:312.2,312.12 1 0
github.com/davi-fernandesx/sistema-de-gestao-de-epi/repository/epi/EpiRepository.go:315.96,322.16 3 0
github.com/davi-fernandesx/sistema-de-gestao-de-epi/repository/epi/EpiRepository.go:322.16,325.3 1 0
github.com/davi-fernandesx/sistema-de-gestao-de-epi/repository/epi/EpiRepository.go:327.2,327.12 1 0
github.com/davi-fernandesx/sistema-de-gestao-de-epi/repository/epi/EpiRepository.go:332.80,339.16 3 0
github.com/davi-fernandesx/sistema-de-gestao-de-epi/repository/epi/EpiRepository.go:339.16,342.3 1 0
github.com/davi-fernandesx/sistema-de-gestao-de-epi/repository/epi/EpiRepository.go:344.2,344.12 1 0
github.com/davi-fernandesx/sistema-de-gestao-de-epi/repository/epi/EpiRepository.go:347.94,354.16 3 0
github.com/davi-fernandesx/sistema-de-gestao-de-epi/repository/epi/EpiRepository.go:354.16,357.3 1 0
github.com/davi-fernandesx/sistema-de-gestao-de-epi/repository/epi/EpiRepository.go:359.2,359.12 1 0
github.com/davi-fernandesx/sistema-de-gestao-de-epi/repository/epi/EpiRepository.go:364.104,371.16 3 0
github.com/davi-fernandesx/sistema-de-gestao-de-epi/repository/epi/EpiRepository.go:371.16,374.3 1 0
github.com/davi-fernandesx/sistema-de-gestao-de-epi/repository/epi/EpiRepository.go:376.2,376.12 1 0
github.com/davi-fernandesx/sistema-de-gestao-de-epi/repository/funcionario/funcionario.go:28.64,33.2 1 1
github.com/davi-fernandesx/sistema-de-gestao-de-epi/repository/funcionario/funcionario.go:36.99,46.16 3 1
github.com/davi-fernandesx/sistema-de-gestao-de-epi/repository/funcionario/funcionario.go:46.16,49.55 2 1
github.com/davi-fernandesx/sistema-de-gestao-de-epi/repository/funcionario/funcionario.go:49.55,53.4 1 1
github.com/davi-fernandesx/sistema-de-gestao-de-epi/repository/funcionario/funcionario.go:54.3,54.82 1 1
github.com/davi-fernandesx/sistema-de-gestao-de-epi/repository/funcionario/funcionario.go:57.2,57.12 1 1
github.com/davi-fernandesx/sistema-de-gestao-de-epi/repository/funcionario/funcionario.go:61.99,82.16 4 1
github.com/davi-fernandesx/sistema-de-gestao-de-epi/repository/funcionario/funcionario.go:82.16,83.27 1 1
github.com/davi-fernandesx/sistema-de-gestao-de-epi/repository/funcionario/funcionario.go:83.27,85.4 1 1
github.com/davi-fernandesx/sistema-de-gestao-de-epi/repository/funcionario/funcionario.go:86.3,86.63 1 1
github.com/davi-fernandesx/sistema-de-gestao-de-epi/repository/funcionario/funcionario.go:89.2,89.26 1 1
github.com/davi-fernandesx/sistema-de-gestao-de-epi/repository/funcionario/funcionario.go:93.92,105.16 4 1
github.com/davi-fernandesx/sistema-de-gestao-de-epi/repository/funcionario/funcionario.go:105.16,108.3 1 1
github.com/davi-fernandesx/sistema-de-gestao-de-epi/repository/funcionario/funcionario.go:110.2,112.21 2 1
github.com/davi-fernandesx/sistema-de-gestao-de-epi/repository/funcionario/funcionario.go:112.21,117.17 3 1
github.com/davi-fernandesx/sistema-de-gestao-de-epi/repository/funcionario/funcionario.go:117.17,119.4 1 1
github.com/davi-fernandesx/sistema-de-gestao-de-epi/repository/funcionario/funcionario.go:121.3,121.51 1 1
github.com/davi-fernandesx/sistema-de-gestao-de-epi/repository/funcionario/funcionario.go:125.2,125.38 1 1
github.com/davi-fernandesx/sistema-de-gestao-de-epi/repository/funcionario/funcionario.go:125.38,127.3 1 1
github.com/davi-fernandesx/sistema-de-gestao-de-epi/repository/funcionario/funcionario.go:129.2,129.26 1 1
github.com/davi-fernandesx/sistema-de-gestao-de-epi/repository/funcionario/funcionario.go:133.79,141.18 3 1
github.com/davi-fernandesx/sistema-de-gestao-de-epi/repository/funcionario/funcionario.go:141.18,143.5 1 1
github.com/davi-fernandesx/sistema-de-gestao-de-epi/repository/funcionario/funcionario.go:145.2,147.16 2 1
github.com/davi-fernandesx/sistema-de-gestao-de-epi/repository/funcionario/funcionario.go:147.16,150.3 1 1
github.com/davi-fernandesx/sistema-de-gestao-de-epi/repository/funcionario/funcionario.go:152.2,152.17 1 1
github.com/davi-fernandesx/sistema-de-gestao-de-epi/repository/funcionario/funcionario.go:152.17,155.3 1 1
github.com/davi-fernandesx/sistema-de-gestao-de-epi/repository/funcionario/funcionario.go:157.2,157.13 1 1
github.com/davi-fernandesx/sistema-de-gestao-de-epi/repository/funcionario/funcionario.go:160.92,167.16 3 0
github.com/davi-fernandesx/sistema-de-gestao-de-epi/repository/funcionario/funcionario.go:167.16,169.3 1 0
github.com/davi-fernandesx/sistema-de-gestao-de-epi/repository/funcionario/funcionario.go:171.2,171.13 1 0
github.com/davi-fernandesx/sistema-de-gestao-de-epi/repository/funcionario/funcionario.go:174.103,181.16 3 0
github.com/davi-fernandesx/sistema-de-gestao-de-epi/repository/funcionario/funcionario.go:181.16,183.3 1 0
github.com/davi-fernandesx/sistema-de-gestao-de-epi/repository/funcionario/funcionario.go:185.2,185.13 1 0
github.com/davi-fernandesx/sistema-de-gestao-de-epi/repository/funcionario/funcionario.go:188.91,195.16 3 0
github.com/davi-fernandesx/sistema-de-gestao-de-epi/repository/funcionario/funcionario.go:195.16,197.3 1 0
github.com/davi-fernandesx/sistema-de-gestao-de-epi/repository/funcionario/funcionario.go:199.2,199.13 1 0
github.com/davi-fernandesx/sistema-de-gestao-de-epi/repository/login/loginRepository.go:30.43,35.2 1 1
github.com/davi-fernandesx/sistema-de-gestao-de-epi/repository/login/loginRepository.go:38.78,45.16 3 1
github.com/davi-fernandesx/sistema-de-gestao-de-epi/repository/login/loginRepository.go:45.16,47.54 2 1
github.com/davi-fernandesx/sistema-de-gestao-de-epi/repository/login/loginRepository.go:47.54,49.4 1 1
github.com/davi-fernandesx/sistema-de-gestao-de-epi/repository/login/loginRepository.go:51.3,51.80 1 1
github.com/davi-fernandesx/sistema-de-gestao-de-epi/repository/login/loginRepository.go:54.2,54.13 1 1
github.com/davi-fernandesx/sistema-de-gestao-de-epi/repository/login/loginRepository.go:58.66,66.16 3 1
github.com/davi-fernandesx/sistema-de-gestao-de-epi/repository/login/loginRepository.go:66.16,69.3 1 0
github.com/davi-fernandesx/sistema-de-gestao-de-epi/repository/login/loginRepository.go:71.2,72.15 2 1
github.com/davi-fernandesx/sistema-de-gestao-de-epi/repository/login/loginRepository.go:72.15,75.3 1 1
github.com/davi-fernandesx/sistema-de-gestao-de-epi/repository/login/loginRepository.go:77.2,77.13 1 1
github.com/davi-fernandesx/sistema-de-gestao-de-epi/repository/login/loginRepository.go:77.13,79.3 1 1
github.com/davi-fernandesx/sistema-de-gestao-de-epi/repository/login/loginRepository.go:82.2,82.12 1 1
github.com/davi-fernandesx/sistema-de-gestao-de-epi/repository/login/loginRepository.go:88.87,104.16 4 1
github.com/davi-fernandesx/sistema-de-gestao-de-epi/repository/login/loginRepository.go:104.16,106.27 1 1
github.com/davi-fernandesx/sistema-de-gestao-de-epi/repository/login/loginRepository.go:106.27,108.4 1 1
github.com/davi-fernandesx/sistema-de-gestao-de-epi/repository/login/loginRepository.go:110.3,110.90 1 1
github.com/davi-fernandesx/sistema-de-gestao-de-epi/repository/login/loginRepository.go:114.3,114.24 1 1
github.com/davi-fernandesx/sistema-de-gestao-de-epi/service/funcao/funcaoService.go:27.59,32.2 1 0
github.com/davi-fernandesx/sistema-de-gestao-de-epi/service/funcao/funcaoService.go:43.93,48.27 2 1
github.com/davi-fernandesx/sistema-de-gestao-de-epi/service/funcao/funcaoService.go:48.27,51.3 1 0
github.com/davi-fernandesx/sistema-de-gestao-de-epi/service/funcao/funcaoService.go:52.2,52.58 1 1
github.com/davi-fernandesx/sistema-de-gestao-de-epi/service/funcao/funcaoService.go:52.58,54.43 1 1
github.com/davi-fernandesx/sistema-de-gestao-de-epi/service/funcao/funcaoService.go:54.43,56.4 1 0
github.com/davi-fernandesx/sistema-de-gestao-de-epi/service/funcao/funcaoService.go:58.3,58.55 1 1
github.com/davi-fernandesx/sistema-de-gestao-de-epi/service/funcao/funcaoService.go:61.2,61.13 1 1
github.com/davi-fernandesx/sistema-de-gestao-de-epi/service/funcao/funcaoService.go:65.92,67.13 1 1
github.com/davi-fernandesx/sistema-de-gestao-de-epi/service/funcao/funcaoService.go:67.13,70.3 1 0
github.com/davi-fernandesx/sistema-de-gestao-de-epi/service/funcao/funcaoService.go:72.2,73.16 2 1
github.com/davi-fernandesx/sistema-de-gestao-de-epi/service/funcao/funcaoService.go:73.16,75.35 1 1
github.com/davi-fernandesx/sistema-de-gestao-de-epi/service/funcao/funcaoService.go:75.35,78.4 1 0
github.com/davi-fernandesx/sistema-de-gestao-de-epi/service/funcao/funcaoService.go:80.3,80.53 1 1
github.com/davi-fernandesx/sistema-de-gestao-de-epi/service/funcao/funcaoService.go:83.2,83.19 1 1
github.com/davi-fernandesx/sistema-de-gestao-de-epi/service/funcao/funcaoService.go:83.19,85.3 1 0
github.com/davi-fernandesx/sistema-de-gestao-de-epi/service/funcao/funcaoService.go:87.2,94.8 1 1
github.com/davi-fernandesx/sistema-de-gestao-de-epi/service/funcao/funcaoService.go:99.91,103.16 2 1
github.com/davi-fernandesx/sistema-de-gestao-de-epi/service/funcao/funcaoService.go:103.16,106.3 1 1
github.com/davi-fernandesx/sistema-de-gestao-de-epi/service/funcao/funcaoService.go:108.2,108.18 1 1
github.com/davi-fernandesx/sistema-de-gestao-de-epi/service/funcao/funcaoService.go:108.18,111.3 1 0
github.com/davi-fernandesx/sistema-de-gestao-de-epi/service/funcao/funcaoService.go:113.2,114.30 2 1
github.com/davi-fernandesx/sistema-de-gestao-de-epi/service/funcao/funcaoService.go:114.30,127.3 2 1
github.com/davi-fernandesx/sistema-de-gestao-de-epi/service/funcao/funcaoService.go:129.2,129.18 1 1
github.com/davi-fernandesx/sistema-de-gestao-de-epi/service/funcao/funcaoService.go:133.91,136.13 1 1
github.com/davi-fernandesx/sistema-de-gestao-de-epi/service/funcao/funcaoService.go:136.13,138.3 1 0
github.com/davi-fernandesx/sistema-de-gestao-de-epi/service/funcao/funcaoService.go:140.2,142.26 2 1
github.com/davi-fernandesx/sistema-de-gestao-de-epi/service/funcao/funcaoService.go:142.26,145.3 1 0
github.com/davi-fernandesx/sistema-de-gestao-de-epi/service/funcao/funcaoService.go:146.2,147.16 2 1
github.com/davi-fernandesx/sistema-de-gestao-de-epi/service/funcao/funcaoService.go:147.16,149.84 1 1
github.com/davi-fernandesx/sistema-de-gestao-de-epi/service/funcao/funcaoService.go:149.84,152.4 1 0
github.com/davi-fernandesx/sistema-de-gestao-de-epi/service/funcao/funcaoService.go:154.3,154.66 1 1
github.com/davi-fernandesx/sistema-de-gestao-de-epi/service/funcao/funcaoService.go:157.2,157.16 1 1
github.com/davi-fernandesx/sistema-de-gestao-de-epi/service/funcao/funcaoService.go:157.16,159.3 1 0
github.com/davi-fernandesx/sistema-de-gestao-de-epi/service/funcao/funcaoService.go:161.2,161.13 1 1
github.com/davi-fernandesx/sistema-de-gestao-de-epi/service/funcao/funcaoService.go:165.74,167.13 1 1
github.com/davi-fernandesx/sistema-de-gestao-de-epi/service/funcao/funcaoService.go:167.13,170.3 1 0
github.com/davi-fernandesx/sistema-de-gestao-de-epi/service/funcao/funcaoService.go:172.2,173.16 2 1
github.com/davi-fernandesx/sistema-de-gestao-de-epi/service/funcao/funcaoService.go:173.16,176.3 1 1
github.com/davi-fernandesx/sistema-de-gestao-de-epi/service/funcao/funcaoService.go:178.2,178.13 1 1
github.com/davi-fernandesx/sistema-de-gestao-de-epi/service/funcionario/FuncionarioService.go:28.79,33.2 1 0
github.com/davi-fernandesx/sistema-de-gestao-de-epi/service/funcionario/FuncionarioService.go:42.113,46.19 2 1
github.com/davi-fernandesx/sistema-de-gestao-de-epi/service/funcionario/FuncionarioService.go:46.19,48.6 1 0
github.com/davi-fernandesx/sistema-de-gestao-de-epi/service/funcionario/FuncionarioService.go:49.2,51.16 2 1
github.com/davi-fernandesx/sistema-de-gestao-de-epi/service/funcionario/FuncionarioService.go:51.16,53.27 1 1
github.com/davi-fernandesx/sistema-de-gestao-de-epi/service/funcionario/FuncionarioService.go:53.27,56.4 1 0
github.com/davi-fernandesx/sistema-de-gestao-de-epi/service/funcionario/FuncionarioService.go:58.8,61.3 1 1
github.com/davi-fernandesx/sistema-de-gestao-de-epi/service/funcionario/FuncionarioService.go:64.2,71.59 2 1
github.com/davi-fernandesx/sistema-de-gestao-de-epi/service/funcionario/FuncionarioService.go:75.131,78.16 2 1
github.com/davi-fernandesx/sistema-de-gestao-de-epi/service/funcionario/FuncionarioService.go:78.16,81.3 1 0
github.com/davi-fernandesx/sistema-de-gestao-de-epi/service/funcionario/FuncionarioService.go:83.2,84.16 2 1
github.com/davi-fernandesx/sistema-de-gestao-de-epi/service/funcionario/FuncionarioService.go:84.16,86.36 1 1
github.com/davi-fernandesx/sistema-de-gestao-de-epi/service/funcionario/FuncionarioService.go:86.36,89.4 1 1
github.com/davi-fernandesx/sistema-de-gestao-de-epi/service/funcionario/FuncionarioService.go:91.3,91.18 1 0
github.com/davi-fernandesx/sistema-de-gestao-de-epi/service/funcionario/FuncionarioService.go:95.2,95.24 1 1
github.com/davi-fernandesx/sistema-de-gestao-de-epi/service/funcionario/FuncionarioService.go:95.24,98.3 1 0
github.com/davi-fernandesx/sistema-de-gestao-de-epi/service/funcionario/FuncionarioService.go:100.2,114.22 2 1
github.com/davi-fernandesx/sistema-de-gestao-de-epi/service/funcionario/FuncionarioService.go:118.108,121.16 2 1
github.com/davi-fernandesx/sistema-de-gestao-de-epi/service/funcionario/FuncionarioService.go:121.16,123.3 1 0
github.com/davi-fernandesx/sistema-de-gestao-de-epi/service/funcionario/FuncionarioService.go:125.2,126.16 2 1
github.com/davi-fernandesx/sistema-de-gestao-de-epi/service/funcionario/FuncionarioService.go:126.16,128.44 1 1
github.com/davi-fernandesx/sistema-de-gestao-de-epi/service/funcionario/FuncionarioService.go:128.44,131.4 1 0
github.com/davi-fernandesx/sistema-de-gestao-de-epi/service/funcionario/FuncionarioService.go:133.3,133.53 1 1
github.com/davi-fernandesx/sistema-de-gestao-de-epi/service/funcionario/FuncionarioService.go:133.53,135.4 1 1
github.com/davi-fernandesx/sistema-de-gestao-de-epi/service/funcionario/FuncionarioService.go:137.3,137.41 1 0
github.com/davi-fernandesx/sistema-de-gestao-de-epi/service/funcionario/FuncionarioService.go:137.41,140.4 1 0
github.com/davi-fernandesx/sistema-de-gestao-de-epi/service/funcionario/FuncionarioService.go:142.3,142.99 1 0
github.com/davi-fernandesx/sistema-de-gestao-de-epi/service/funcionario/FuncionarioService.go:145.2,147.43 2 1
github.com/davi-fernandesx/sistema-de-gestao-de-epi/service/funcionario/FuncionarioService.go:147.43,165.3 2 1
github.com/davi-fernandesx/sistema-de-gestao-de-epi/service/funcionario/FuncionarioService.go:167.2,167.29 1 1
github.com/davi-fernandesx/sistema-de-gestao-de-epi/service/funcionario/FuncionarioService.go:171.94,174.16 2 1
github.com/davi-fernandesx/sistema-de-gestao-de-epi/service/funcionario/FuncionarioService.go:174.16,176.3 1 1
github.com/davi-fernandesx/sistema-de-gestao-de-epi/service/funcionario/FuncionarioService.go:178.2,179.16 2 1
github.com/davi-fernandesx/sistema-de-gestao-de-epi/service/funcionario/FuncionarioService.go:179.16,182.3 1 0
github.com/davi-fernandesx/sistema-de-gestao-de-epi/service/funcionario/FuncionarioService.go:184.2,184.12 1 1
github.com/davi-fernandesx/sistema-de-gestao-de-epi/repository/tamanhos/tamanhosReposititory.go:26.57,31.2 1 1
github.com/davi-fernandesx/sistema-de-gestao-de-epi/repository/tamanhos/tamanhosReposititory.go:34.91,39.16 3 1
github.com/davi-fernandesx/sistema-de-gestao-de-epi/repository/tamanhos/tamanhosReposititory.go:39.16,41.54 2 1
github.com/davi-fernandesx/sistema-de-gestao-de-epi/repository/tamanhos/tamanhosReposititory.go:41.54,43.4 1 1
github.com/davi-fernandesx/sistema-de-gestao-de-epi/repository/tamanhos/tamanhosReposititory.go:44.3,44.76 1 1
github.com/davi-fernandesx/sistema-de-gestao-de-epi/repository/tamanhos/tamanhosReposititory.go:47.2,47.13 1 1
github.com/davi-fernandesx/sistema-de-gestao-de-epi/repository/tamanhos/tamanhosReposititory.go:51.95,59.16 4 1
github.com/davi-fernandesx/sistema-de-gestao-de-epi/repository/tamanhos/tamanhosReposititory.go:59.16,60.27 1 1
github.com/davi-fernandesx/sistema-de-gestao-de-epi/repository/tamanhos/tamanhosReposititory.go:60.27,62.4 1 1
github.com/davi-fernandesx/sistema-de-gestao-de-epi/repository/tamanhos/tamanhosReposititory.go:64.4,64.66 1 1
github.com/davi-fernandesx/sistema-de-gestao-de-epi/repository/tamanhos/tamanhosReposititory.go:69.2,69.23 1 1
github.com/davi-fernandesx/sistema-de-gestao-de-epi/repository/tamanhos/tamanhosReposititory.go:73.105,88.16 3 1
github.com/davi-fernandesx/sistema-de-gestao-de-epi/repository/tamanhos/tamanhosReposititory.go:88.16,91.3 1 1
github.com/davi-fernandesx/sistema-de-gestao-de-epi/repository/tamanhos/tamanhosReposititory.go:93.2,97.20 3 1
github.com/davi-fernandesx/sistema-de-gestao-de-epi/repository/tamanhos/tamanhosReposititory.go:97.20,101.17 3 1
github.com/davi-fernandesx/sistema-de-gestao-de-epi/repository/tamanhos/tamanhosReposititory.go:101.17,104.4 1 1
github.com/davi-fernandesx/sistema-de-gestao-de-epi/repository/tamanhos/tamanhosReposititory.go:106.3,106.33 1 1
github.com/davi-fernandesx/sistema-de-gestao-de-epi/repository/tamanhos/tamanhosReposititory.go:109.2,110.16 2 1
github.com/davi-fernandesx/sistema-de-gestao-de-epi/repository/tamanhos/tamanhosReposititory.go:110.16,113.3 1 1
github.com/davi-fernandesx/sistema-de-gestao-de-epi/repository/tamanhos/tamanhosReposititory.go:115.2,115.22 1 1
github.com/davi-fernandesx/sistema-de-gestao-de-epi/repository/tamanhos/tamanhosReposititory.go:119.93,124.16 3 1
github.com/davi-fernandesx/sistema-de-gestao-de-epi/repository/tamanhos/tamanhosReposititory.go:124.16,126.3 1 1
github.com/davi-fernandesx/sistema-de-gestao-de-epi/repository/tamanhos/tamanhosReposititory.go:128.2,132.19 3 1
github.com/davi-fernandesx/sistema-de-gestao-de-epi/repository/tamanhos/tamanhosReposititory.go:132.19,136.17 3 1
github.com/davi-fernandesx/sistema-de-gestao-de-epi/repository/tamanhos/tamanhosReposititory.go:136.17,138.4 1 1
github.com/davi-fernandesx/sistema-de-gestao-de-epi/repository/tamanhos/tamanhosReposititory.go:140.3,140.39 1 1
github.com/davi-fernandesx/sistema-de-gestao-de-epi/repository/tamanhos/tamanhosReposititory.go:143.2,144.16 2 1
github.com/davi-fernandesx/sistema-de-gestao-de-epi/repository/tamanhos/tamanhosReposititory.go:144.16,147.3 1 1
github.com/davi-fernandesx/sistema-de-gestao-de-epi/repository/tamanhos/tamanhosReposititory.go:149.2,149.23 1 1
github.com/davi-fernandesx/sistema-de-gestao-de-epi/repository/tamanhos/tamanhosReposititory.go:153.77,160.16 3 1
github.com/davi-fernandesx/sistema-de-gestao-de-epi/repository/tamanhos/tamanhosReposititory.go:160.16,162.3 1 1
github.com/davi-fernandesx/sistema-de-gestao-de-epi/repository/tamanhos/tamanhosReposititory.go:164.2,165.16 2 1
github.com/davi-fernandesx/sistema-de-gestao-de-epi/repository/tamanhos/tamanhosReposititory.go:165.16,169.3 1 1
github.com/davi-fernandesx/sistema-de-gestao-de-epi/repository/tamanhos/tamanhosReposititory.go:171.2,171.16 1 1
github.com/davi-fernandesx/sistema-de-gestao-de-epi/repository/tamanhos/tamanhosReposititory.go:171.16,173.3 1 1
github.com/davi-fernandesx/sistema-de-gestao-de-epi/repository/tamanhos/tamanhosReposititory.go:175.2,175.13 1 1
github.com/davi-fernandesx/sistema-de-gestao-de-epi/repository/tamanhos/tamanhosReposititory.go:179.89,186.16 3 0
github.com/davi-fernandesx/sistema-de-gestao-de-epi/repository/tamanhos/tamanhosReposititory.go:186.16,188.3 1 0
github.com/davi-fernandesx/sistema-de-gestao-de-epi/repository/tamanhos/tamanhosReposititory.go:190.2,190.13 1 0
github.com/davi-fernandesx/sistema-de-gestao-de-epi/repository/tipo_protecao/tipo_protecaoRepository.go:23.66,28.2 1 1
github.com/davi-fernandesx/sistema-de-gestao-de-epi/repository/tipo_protecao/tipo_protecaoRepository.go:31.95,36.16 3 1
github.com/davi-fernandesx/sistema-de-gestao-de-epi/repository/tipo_protecao/tipo_protecaoRepository.go:36.16,38.3 1 1
github.com/davi-fernandesx/sistema-de-gestao-de-epi/repository/tipo_protecao/tipo_protecaoRepository.go:40.2,40.13 1 1
github.com/davi-fernandesx/sistema-de-gestao-de-epi/repository/tipo_protecao/tipo_protecaoRepository.go:45.99,53.16 4 1
github.com/davi-fernandesx/sistema-de-gestao-de-epi/repository/tipo_protecao/tipo_protecaoRepository.go:53.16,54.27 1 1
github.com/davi-fernandesx/sistema-de-gestao-de-epi/repository/tipo_protecao/tipo_protecaoRepository.go:54.27,56.4 1 1
github.com/davi-fernandesx/sistema-de-gestao-de-epi/repository/tipo_protecao/tipo_protecaoRepository.go:58.3,58.62 1 1
github.com/davi-fernandesx/sistema-de-gestao-de-epi/repository/tipo_protecao/tipo_protecaoRepository.go:61.2,61.23 1 1
github.com/davi-fernandesx/sistema-de-gestao-de-epi/repository/tipo_protecao/tipo_protecaoRepository.go:65.97,70.16 3 1
github.com/davi-fernandesx/sistema-de-gestao-de-epi/repository/tipo_protecao/tipo_protecaoRepository.go:70.16,72.3 1 1
github.com/davi-fernandesx/sistema-de-gestao-de-epi/repository/tipo_protecao/tipo_protecaoRepository.go:74.2,78.19 3 1
github.com/davi-fernandesx/sistema-de-gestao-de-epi/repository/tipo_protecao/tipo_protecaoRepository.go:78.19,82.17 3 1
github.com/davi-fernandesx/sistema-de-gestao-de-epi/repository/tipo_protecao/tipo_protecaoRepository.go:82.17,84.4 1 1
github.com/davi-fernandesx/sistema-de-gestao-de-epi/repository/tipo_protecao/tipo_protecaoRepository.go:86.3,86.42 1 1
github.com/davi-fernandesx/sistema-de-gestao-de-epi/repository/tipo_protecao/tipo_protecaoRepository.go:89.2,90.16 2 1
github.com/davi-fernandesx/sistema-de-gestao-de-epi/repository/tipo_protecao/tipo_protecaoRepository.go:90.16,92.3 1 1
github.com/davi-fernandesx/sistema-de-gestao-de-epi/repository/tipo_protecao/tipo_protecaoRepository.go:94.2,94.23 1 1
github.com/davi-fernandesx/sistema-de-gestao-de-epi/repository/tipo_protecao/tipo_protecaoRepository.go:98.77,106.16 3 1
github.com/davi-fernandesx/sistema-de-gestao-de-epi/repository/tipo_protecao/tipo_protecaoRepository.go:106.16,108.3 1 1
github.com/davi-fernandesx/sistema-de-gestao-de-epi/repository/tipo_protecao/tipo_protecaoRepository.go:110.2,111.16 2 1
github.com/davi-fernandesx/sistema-de-gestao-de-epi/repository/tipo_protecao/tipo_protecaoRepository.go:111.16,114.3 1 1
github.com/davi-fernandesx/sistema-de-gestao-de-epi/repository/tipo_protecao/tipo_protecaoRepository.go:116.2,116.17 1 1
github.com/davi-fernandesx/sistema-de-gestao-de-epi/repository/tipo_protecao/tipo_protecaoRepository.go:116.17,119.3 1 1
github.com/davi-fernandesx/sistema-de-gestao-de-epi/repository/tipo_protecao/tipo_protecaoRepository.go:121.2,121.12 1 1
github.com/davi-fernandesx/sistema-de-gestao-de-epi/repository/trocaEpi/devolucao.go:30.70,35.2 1 1
github.com/davi-fernandesx/sistema-de-gestao-de-epi/repository/trocaEpi/devolucao.go:82.119,84.16 2 1
github.com/davi-fernandesx/sistema-de-gestao-de-epi/repository/trocaEpi/devolucao.go:84.16,86.3 1 1
github.com/davi-fernandesx/sistema-de-gestao-de-epi/repository/trocaEpi/devolucao.go:88.2,91.20 3 1
github.com/davi-fernandesx/sistema-de-gestao-de-epi/repository/trocaEpi/devolucao.go:91.20,122.17 3 1
github.com/davi-fernandesx/sistema-de-gestao-de-epi/repository/trocaEpi/devolucao.go:122.17,124.4 1 0
github.com/davi-fernandesx/sistema-de-gestao-de-epi/repository/trocaEpi/devolucao.go:126.3,126.43 1 1
github.com/davi-fernandesx/sistema-de-gestao-de-epi/repository/trocaEpi/devolucao.go:129.2,129.37 1 1
github.com/davi-fernandesx/sistema-de-gestao-de-epi/repository/trocaEpi/devolucao.go:129.37,131.3 1 0
github.com/davi-fernandesx/sistema-de-gestao-de-epi/repository/trocaEpi/devolucao.go:133.2,133.23 1 1
github.com/davi-fernandesx/sistema-de-gestao-de-epi/repository/trocaEpi/devolucao.go:137.140,158.26 6 1
github.com/davi-fernandesx/sistema-de-gestao-de-epi/repository/trocaEpi/devolucao.go:158.26,160.3 1 1
github.com/davi-fernandesx/sistema-de-gestao-de-epi/repository/trocaEpi/devolucao.go:162.2,162.16 1 1
github.com/davi-fernandesx/sistema-de-gestao-de-epi/repository/trocaEpi/devolucao.go:162.16,165.3 1 0
github.com/davi-fernandesx/sistema-de-gestao-de-epi/repository/trocaEpi/devolucao.go:168.2,178.16 3 1
github.com/davi-fernandesx/sistema-de-gestao-de-epi/repository/trocaEpi/devolucao.go:178.16,181.3 1 0
github.com/davi-fernandesx/sistema-de-gestao-de-epi/repository/trocaEpi/devolucao.go:184.2,197.16 3 1
github.com/davi-fernandesx/sistema-de-gestao-de-epi/repository/trocaEpi/devolucao.go:197.16,199.3 1 0
github.com/davi-fernandesx/sistema-de-gestao-de-epi/repository/trocaEpi/devolucao.go:201.2,201.12 1 1
github.com/davi-fernandesx/sistema-de-gestao-de-epi/repository/trocaEpi/devolucao.go:206.108,220.16 3 1
github.com/davi-fernandesx/sistema-de-gestao-de-epi/repository/trocaEpi/devolucao.go:220.16,223.3 1 1
github.com/davi-fernandesx/sistema-de-gestao-de-epi/repository/trocaEpi/devolucao.go:225.2,225.12 1 1
github.com/davi-fernandesx/sistema-de-gestao-de-epi/repository/trocaEpi/devolucao.go:229.104,232.16 2 1
github.com/davi-fernandesx/sistema-de-gestao-de-epi/repository/trocaEpi/devolucao.go:232.16,234.3 1 0
github.com/davi-fernandesx/sistema-de-gestao-de-epi/repository/trocaEpi/devolucao.go:236.2,254.28 5 1
github.com/davi-fernandesx/sistema-de-gestao-de-epi/repository/trocaEpi/devolucao.go:254.28,257.3 1 0
github.com/davi-fernandesx/sistema-de-gestao-de-epi/repository/trocaEpi/devolucao.go:260.2,273.19 4 1
github.com/davi-fernandesx/sistema-de-gestao-de-epi/repository/trocaEpi/devolucao.go:273.19,276.3 1 0
github.com/davi-fernandesx/sistema-de-gestao-de-epi/repository/trocaEpi/devolucao.go:278.2,279.16 2 1
github.com/davi-fernandesx/sistema-de-gestao-de-epi/repository/trocaEpi/devolucao.go:279.16,282.3 1 0
github.com/davi-fernandesx/sistema-de-gestao-de-epi/repository/trocaEpi/devolucao.go:284.2,285.16 2 1
github.com/davi-fernandesx/sistema-de-gestao-de-epi/repository/trocaEpi/devolucao.go:285.16,288.3 1 0
github.com/davi-fernandesx/sistema-de-gestao-de-epi/repository/trocaEpi/devolucao.go:290.2,290.12 1 1
github.com/davi-fernandesx/sistema-de-gestao-de-epi/repository/trocaEpi/devolucao.go:298.121,303.2 2 1
github.com/davi-fernandesx/sistema-de-gestao-de-epi/repository/trocaEpi/devolucao.go:306.100,311.2 2 1
github.com/davi-fernandesx/sistema-de-gestao-de-epi/repository/trocaEpi/devolucao.go:313.105,319.2 2 0
github.com/davi-fernandesx/sistema-de-gestao-de-epi/repository/trocaEpi/devolucao.go:321.114,327.2 2 0
github.com/davi-fernandesx/sistema-de-gestao-de-epi/repository/trocaEpi/devolucao.go:329.130,334.2 2 0
github.com/davi-fernandesx/sistema-de-gestao-de-epi/repository/trocaEpi/devolucao.go:336.109,341.2 2 0
github.com/davi-fernandesx/sistema-de-gestao-de-epi/repository/trocaEpi/devolucao.go:348.82,359.16 3 1
github.com/davi-fernandesx/sistema-de-gestao-de-epi/repository/trocaEpi/devolucao.go:359.16,362.3 1 1
github.com/davi-fernandesx/sistema-de-gestao-de-epi/repository/trocaEpi/devolucao.go:364.2,365.16 2 1
github.com/davi-fernandesx/sistema-de-gestao-de-epi/repository/trocaEpi/devolucao.go:365.16,369.3 1 0
github.com/davi-fernandesx/sistema-de-gestao-de-epi/repository/trocaEpi/devolucao.go:371.2,371.16 1 1
github.com/davi-fernandesx/sistema-de-gestao-de-epi/repository/trocaEpi/devolucao.go:371.16,374.3 1 1
github.com/davi-fernandesx/sistema-de-gestao-de-epi/repository/trocaEpi/devolucao.go:376.2,376.12 1 1
github.com/davi-fernandesx/sistema-de-gestao-de-epi/service/departamento/departamentoService.go:27.83,32.2 1 0
github.com/davi-fernandesx/sistema-de-gestao-de-epi/service/departamento/departamentoService.go:43.105,47.33 2 1
github.com/davi-fernandesx/sistema-de-gestao-de-epi/service/departamento/departamentoService.go:47.33,51.3 1 0
github.com/davi-fernandesx/sistema-de-gestao-de-epi/service/departamento/departamentoService.go:53.2,53.70 1 1
github.com/davi-fernandesx/sistema-de-gestao-de-epi/service/departamento/departamentoService.go:53.70,56.3 1 1
github.com/davi-fernandesx/sistema-de-gestao-de-epi/service/departamento/departamentoService.go:58.2,58.13 1 1
github.com/davi-fernandesx/sistema-de-gestao-de-epi/service/departamento/departamentoService.go:62.111,64.13 1 1
github.com/davi-fernandesx/sistema-de-gestao-de-epi/service/departamento/departamentoService.go:64.13,67.3 1 1
github.com/davi-fernandesx/sistema-de-gestao-de-epi/service/departamento/departamentoService.go:69.2,70.16 2 1
github.com/davi-fernandesx/sistema-de-gestao-de-epi/service/departamento/departamentoService.go:70.16,72.35 1 1
github.com/davi-fernandesx/sistema-de-gestao-de-epi/service/departamento/departamentoService.go:72.35,75.4 1 1
github.com/davi-fernandesx/sistema-de-gestao-de-epi/service/departamento/departamentoService.go:76.3,76.85 1 0
github.com/davi-fernandesx/sistema-de-gestao-de-epi/service/departamento/departamentoService.go:79.2,79.16 1 1
github.com/davi-fernandesx/sistema-de-gestao-de-epi/service/departamento/departamentoService.go:79.16,82.3 1 0
github.com/davi-fernandesx/sistema-de-gestao-de-epi/service/departamento/departamentoService.go:85.2,89.8 1 1
github.com/davi-fernandesx/sistema-de-gestao-de-epi/service/departamento/departamentoService.go:94.111,97.16 2 1
github.com/davi-fernandesx/sistema-de-gestao-de-epi/service/departamento/departamentoService.go:97.16,100.3 1 0
github.com/davi-fernandesx/sistema-de-gestao-de-epi/service/departamento/departamentoService.go:102.2,102.17 1 1
github.com/davi-fernandesx/sistema-de-gestao-de-epi/service/departamento/departamentoService.go:102.17,105.3 1 1
github.com/davi-fernandesx/sistema-de-gestao-de-epi/service/departamento/departamentoService.go:107.2,109.27 2 1
github.com/davi-fernandesx/sistema-de-gestao-de-epi/service/departamento/departamentoService.go:109.27,118.3 2 1
github.com/davi-fernandesx/sistema-de-gestao-de-epi/service/departamento/departamentoService.go:120.2,120.18 1 1
github.com/davi-fernandesx/sistema-de-gestao-de-epi/service/departamento/departamentoService.go:124.87,126.13 1 1
github.com/davi-fernandesx/sistema-de-gestao-de-epi/service/departamento/departamentoService.go:126.13,129.3 1 0
github.com/davi-fernandesx/sistema-de-gestao-de-epi/service/departamento/departamentoService.go:131.2,132.16 2 1
github.com/davi-fernandesx/sistema-de-gestao-de-epi/service/departamento/departamentoService.go:132.16,136.3 1 1
github.com/davi-fernandesx/sistema-de-gestao-de-epi/service/departamento/departamentoService.go:138.2,138.13 1 1
github.com/davi-fernandesx/sistema-de-gestao-de-epi/service/departamento/departamentoService.go:141.110,143.14 1 1
github.com/davi-fernandesx/sistema-de-gestao-de-epi/service/departamento/departamentoService.go:143.14,146.4 1 0
github.com/davi-fernandesx/sistema-de-gestao-de-epi/service/departamento/departamentoService.go:148.3,149.20 2 1
github.com/davi-fernandesx/sistema-de-gestao-de-epi/service/departamento/departamentoService.go:149.20,152.4 1 1
github.com/davi-fernandesx/sistema-de-gestao-de-epi/service/departamento/departamentoService.go:154.3,154.17 1 1
github.com/davi-fernandesx/sistema-de-gestao-de-epi/service/departamento/departamentoService.go:154.17,157.4 1 1
github.com/davi-fernandesx/sistema-de-gestao-de-epi/service/departamento/departamentoService.go:159.3,159.14 1 1
github.com/davi-fernandesx/sistema-de-gestao-de-epi/main.go:14.12,25.16 5 0
github.com/davi-fernandesx/sistema-de-gestao-de-epi/main.go:25.16,28.3 1 0
github.com/davi-fernandesx/sistema-de-gestao-de-epi/main.go:30.2,31.16 2 0
github.com/davi-fernandesx/sistema-de-gestao-de-epi/main.go:31.16,34.3 1 0
github.com/davi-fernandesx/sistema-de-gestao-de-epi/main.go:36.2,45.21 6 0
github.com/davi-fernandesx/sistema-de-gestao-de-epi/controller/LoginController.go:22.93,27.2 1 0
github.com/davi-fernandesx/sistema-de-gestao-de-epi/controller/LoginController.go:30.62,32.31 1 0
github.com/davi-fernandesx/sistema-de-gestao-de-epi/controller/LoginController.go:32.31,37.17 4 0
github.com/davi-fernandesx/sistema-de-gestao-de-epi/controller/LoginController.go:37.17,40.4 2 0
github.com/davi-fernandesx/sistema-de-gestao-de-epi/controller/LoginController.go:43.3,44.17 2 0
github.com/davi-fernandesx/sistema-de-gestao-de-epi/controller/LoginController.go:44.17,47.4 2 0
github.com/davi-fernandesx/sistema-de-gestao-de-epi/controller/LoginController.go:50.3,52.5 1 0
github.com/davi-fernandesx/sistema-de-gestao-de-epi/controller/LoginController.go:56.58,58.31 1 0
github.com/davi-fernandesx/sistema-de-gestao-de-epi/controller/LoginController.go:58.31,63.17 4 0
github.com/davi-fernandesx/sistema-de-gestao-de-epi/controller/LoginController.go:63.17,68.4 2 0
github.com/davi-fernandesx/sistema-de-gestao-de-epi/controller/LoginController.go:72.3,73.17 2 0
github.com/davi-fernandesx/sistema-de-gestao-de-epi/controller/LoginController.go:73.17,77.4 2 0
github.com/davi-fernandesx/sistema-de-gestao-de-epi/controller/LoginController.go:79.3,79.18 1 0
github.com/davi-fernandesx/sistema-de-gestao-de-epi/controller/LoginController.go:79.18,82.4 2 0
github.com/davi-fernandesx/sistema-de-gestao-de-epi/controller/LoginController.go:85.3,85.78 1 0
github.com/davi-fernandesx/sistema-de-gestao-de-epi/repository/motivoDevolucao/motivoDevolucao.go:22.63,27.2 1 0
github.com/davi-fernandesx/sistema-de-gestao-de-epi/repository/motivoDevolucao/motivoDevolucao.go:30.95,35.16 3 0
github.com/davi-fernandesx/sistema-de-gestao-de-epi/repository/motivoDevolucao/motivoDevolucao.go:35.16,38.3 1 0
github.com/davi-fernandesx/sistema-de-gestao-de-epi/repository/motivoDevolucao/motivoDevolucao.go:40.2,40.13 1 0
github.com/davi-fernandesx/sistema-de-gestao-de-epi/repository/motivoDevolucao/motivoDevolucao.go:44.46,45.24 1 0
github.com/davi-fernandesx/sistema-de-gestao-de-epi/repository/motivoDevolucao/motivoDevolucao.go:49.52,50.24 1 0
github.com/davi-fernandesx/sistema-de-gestao-de-epi/repository/motivoDevolucao/motivoDevolucao.go:54.47,55.24 1 0
github.com/davi-fernandesx/sistema-de-gestao-de-epi/configs/VariaveisDeAmbiente.go:25.50,28.16 2 0
github.com/davi-fernandesx/sistema-de-gestao-de-epi/configs/VariaveisDeAmbiente.go:28.16,32.3 2 0
github.com/davi-fernandesx/sistema-de-gestao-de-epi/configs/VariaveisDeAmbiente.go:35.2,44.3 1 0
github.com/davi-fernandesx/sistema-de-gestao-de-epi/configs/conn.go:23.54,28.16 3 0
github.com/davi-fernandesx/sistema-de-gestao-de-epi/configs/conn.go:28.16,31.3 1 0
github.com/davi-fernandesx/sistema-de-gestao-de-epi/configs/conn.go:33.2,34.16 2 0
github.com/davi-fernandesx/sistema-de-gestao-de-epi/configs/conn.go:34.16,36.3 1 0
github.com/davi-fernandesx/sistema-de-gestao-de-epi/configs/conn.go:38.2,38.16 1 0
github.com/davi-fernandesx/sistema-de-gestao-de-epi/configs/conn.go:42.60,47.16 3 0
github.com/davi-fernandesx/sistema-de-gestao-de-epi/configs/conn.go:47.16,50.3 1 0
github.com/davi-fernandesx/sistema-de-gestao-de-epi/configs/conn.go:52.2,53.16 2 0
github.com/davi-fernandesx/sistema-de-gestao-de-epi/configs/conn.go:53.16,55.3 1 0
github.com/davi-fernandesx/sistema-de-gestao-de-epi/configs/conn.go:57.2,57.16 1 0
github.com/davi-fernandesx/sistema-de-gestao-de-epi/configs/conn.go:61.70,64.16 2 0
github.com/davi-fernandesx/sistema-de-gestao-de-epi/configs/conn.go:64.16,67.3 1 0
github.com/davi-fernandesx/sistema-de-gestao-de-epi/configs/conn.go:68.2,71.16 2 0
github.com/davi-fernandesx/sistema-de-gestao-de-epi/configs/conn.go:71.16,73.3 1 0
github.com/davi-fernandesx/sistema-de-gestao-de-epi/configs/conn.go:75.2,79.46 5 0
github.com/davi-fernandesx/sistema-de-gestao-de-epi/configs/conn.go:79.46,81.3 1 0
github.com/davi-fernandesx/sistema-de-gestao-de-epi/configs/conn.go:83.2,83.32 1 0
github.com/davi-fernandesx/sistema-de-gestao-de-epi/configs/conn.go:83.32,85.3 1 0
github.com/davi-fernandesx/sistema-de-gestao-de-epi/configs/conn.go:85.8,87.3 1 0
github.com/davi-fernandesx/sistema-de-gestao-de-epi/configs/conn.go:89.2,90.12 2 0
github.com/davi-fernandesx/sistema-de-gestao-de-epi/configs/conn.go:95.50,95.69 1 0
github.com/davi-fernandesx/sistema-de-gestao-de-epi/configs/init.go:14.51,17.16 2 0
github.com/davi-fernandesx/sistema-de-gestao-de-epi/configs/init.go:17.16,22.3 3 0
github.com/davi-fernandesx/sistema-de-gestao-de-epi/configs/init.go:23.2,27.16 5 0
github.com/davi-fernandesx/sistema-de-gestao-de-epi/service/ServiceConfig.go:11.40,20.2 2 0
github.com/davi-fernandesx/sistema-de-gestao-de-epi/service/ServiceConfig.go:22.48,24.33 1 0
github.com/davi-fernandesx/sistema-de-gestao-de-epi/service/ServiceConfig.go:24.33,27.3 1 0
github.com/davi-fernandesx/sistema-de-gestao-de-epi/service/ServiceConfig.go:29.2,29.12 1 0
github.com/davi-fernandesx/sistema-de-gestao-de-epi/service/ServiceConfig.go:32.74,35.16 2 0
github.com/davi-fernandesx/sistema-de-gestao-de-epi/service/ServiceConfig.go:35.16,38.3 1 0
github.com/davi-fernandesx/sistema-de-gestao-de-epi/service/ServiceConfig.go:40.2,41.25 2 0
github.com/davi-fernandesx/sistema-de-gestao-de-epi/service/ServiceConfig.go:41.25,43.3 1 0
github.com/davi-fernandesx/sistema-de-gestao-de-epi/service/ServiceConfig.go:45.2,46.16 2 0
github.com/davi-fernandesx/sistema-de-gestao-de-epi/service/ServiceConfig.go:46.16,49.3 1 0
github.com/davi-fernandesx/sistema-de-gestao-de-epi/service/ServiceConfig.go:52.2,52.30 1 0
github.com/davi-fernandesx/sistema-de-gestao-de-epi/service/ServiceConfig.go:52.30,54.3 1 0
github.com/davi-fernandesx/sistema-de-gestao-de-epi/service/ServiceConfig.go:56.2,56.27 1 0
github.com/davi-fernandesx/sistema-de-gestao-de-epi/service/loginService.go:26.72,32.2 1 0
github.com/davi-fernandesx/sistema-de-gestao-de-epi/service/loginService.go:34.92,36.48 1 0
github.com/davi-fernandesx/sistema-de-gestao-de-epi/service/loginService.go:36.48,38.3 1 0
github.com/davi-fernandesx/sistema-de-gestao-de-epi/service/loginService.go:40.2,41.16 2 0
github.com/davi-fernandesx/sistema-de-gestao-de-epi/service/loginService.go:41.16,43.3 1 0
github.com/davi-fernandesx/sistema-de-gestao-de-epi/service/loginService.go:44.2,50.16 3 0
github.com/davi-fernandesx/sistema-de-gestao-de-epi/service/loginService.go:50.16,53.3 1 0
github.com/davi-fernandesx/sistema-de-gestao-de-epi/service/loginService.go:55.2,55.12 1 0
github.com/davi-fernandesx/sistema-de-gestao-de-epi/service/loginService.go:58.95,61.16 2 0
github.com/davi-fernandesx/sistema-de-gestao-de-epi/service/loginService.go:61.16,63.47 1 0
github.com/davi-fernandesx/sistema-de-gestao-de-epi/service/loginService.go:63.47,66.4 1 0
github.com/davi-fernandesx/sistema-de-gestao-de-epi/service/loginService.go:68.3,68.20 1 0
github.com/davi-fernandesx/sistema-de-gestao-de-epi/service/loginService.go:72.2,73.16 2 0
github.com/davi-fernandesx/sistema-de-gestao-de-epi/service/loginService.go:73.16,76.3 1 0
github.com/davi-fernandesx/sistema-de-gestao-de-epi/service/loginService.go:78.2,78.24 1 0
